2019-11-08 11:45:21,497  INFO [main] LogReport:23 - IE browser started...
2019-11-08 11:46:28,128  INFO [main] LogReport:23 - IE browser started...
2019-11-08 11:46:31,695  INFO [main] LogReport:23 - Application is open...
2019-11-08 11:47:28,290  INFO [main] LogReport:23 - IE browser started...
2019-11-08 11:47:29,725  INFO [main] LogReport:23 - Application is open...
2019-11-08 11:48:07,023  INFO [main] LogReport:23 - IE browser started...
2019-11-08 11:48:08,231  INFO [main] LogReport:23 - Application is open...
2019-11-08 11:49:15,967  INFO [main] LogReport:23 - IE browser started...
2019-11-08 11:49:17,172  INFO [main] LogReport:23 - Application is open...
2019-11-08 11:51:48,895  INFO [main] LogReport:23 - IE browser started...
2019-11-08 11:51:50,209  INFO [main] LogReport:23 - Application is open...
2019-11-08 11:52:18,002  INFO [main] LogReport:23 - IE browser started...
2019-11-08 11:52:19,169  INFO [main] LogReport:23 - Application is open...
2019-11-08 11:55:20,848  INFO [main] LogReport:23 - IE browser started...
2019-11-08 11:55:22,289  INFO [main] LogReport:23 - Application is open...
2019-11-08 11:55:59,639  INFO [main] LogReport:23 - IE browser started...
2019-11-08 11:56:01,219  INFO [main] LogReport:23 - Application is open...
2019-11-08 11:56:55,271  INFO [main] LogReport:23 - IE browser started...
2019-11-08 11:56:56,554  INFO [main] LogReport:23 - Application is open...
2019-11-08 11:58:42,595  INFO [main] LogReport:23 - IE browser started...
2019-11-08 11:58:43,769  INFO [main] LogReport:23 - Application is open...
2019-11-08 12:00:17,529  INFO [main] LogReport:23 - IE browser started...
2019-11-08 12:00:18,716  INFO [main] LogReport:23 - Application is open...
2019-11-08 12:00:41,369  INFO [main] LogReport:23 - IE browser started...
2019-11-08 12:00:42,540  INFO [main] LogReport:23 - Application is open...
2019-11-08 12:01:42,549  INFO [main] LogReport:23 - IE browser started...
2019-11-08 12:01:43,759  INFO [main] LogReport:23 - Application is open...
2019-11-08 12:02:37,547  INFO [main] LogReport:23 - IE browser started...
2019-11-08 12:02:38,739  INFO [main] LogReport:23 - Application is open...
2019-11-08 12:03:19,979  INFO [main] LogReport:23 - IE browser started...
2019-11-08 12:03:21,149  INFO [main] LogReport:23 - Application is open...
2019-11-08 12:04:01,389  INFO [main] LogReport:23 - IE browser started...
2019-11-08 12:04:02,570  INFO [main] LogReport:23 - Application is open...
2019-11-08 12:04:52,513  INFO [main] LogReport:23 - IE browser started...
2019-11-08 12:04:53,743  INFO [main] LogReport:23 - Application is open...
2019-11-08 12:05:19,512  INFO [main] LogReport:23 - IE browser started...
2019-11-08 12:05:20,695  INFO [main] LogReport:23 - Application is open...
2019-11-08 12:06:18,207  INFO [main] LogReport:23 - IE browser started...
2019-11-08 12:06:26,823  INFO [main] LogReport:23 - IE browser started...
2019-11-08 12:06:27,962  INFO [main] LogReport:23 - Application is open...
2019-11-08 12:07:35,604  INFO [main] LogReport:23 - IE browser started...
2019-11-08 12:07:36,922  INFO [main] LogReport:23 - Application is open...
2019-11-08 12:08:12,136  INFO [main] LogReport:23 - IE browser started...
2019-11-08 12:08:13,257  INFO [main] LogReport:23 - Application is open...
2019-11-08 12:08:31,622  INFO [main] LogReport:23 - IE browser started...
2019-11-08 12:08:32,767  INFO [main] LogReport:23 - Application is open...
2019-11-08 12:12:13,150  INFO [main] LogReport:23 - IE browser started...
2019-11-08 12:12:14,216  INFO [main] LogReport:23 - Application is open...
2019-11-08 12:12:41,982  INFO [main] LogReport:23 - IE browser started...
2019-11-08 12:12:43,109  INFO [main] LogReport:23 - Application is open...
2019-11-08 12:13:35,795  INFO [main] LogReport:23 - IE browser started...
2019-11-08 12:13:36,901  INFO [main] LogReport:23 - Application is open...
2019-11-08 12:14:08,481  INFO [main] LogReport:23 - IE browser started...
2019-11-08 12:14:09,604  INFO [main] LogReport:23 - Application is open...
2019-11-08 12:14:33,887  INFO [main] LogReport:23 - IE browser started...
2019-11-08 12:14:35,043  INFO [main] LogReport:23 - Application is open...
2019-11-08 12:15:20,441  INFO [main] LogReport:23 - IE browser started...
2019-11-08 12:15:21,569  INFO [main] LogReport:23 - Application is open...
2019-11-08 12:15:38,196  INFO [main] LogReport:23 - IE browser started...
2019-11-08 12:15:39,229  INFO [main] LogReport:23 - Application is open...
2019-11-08 12:16:00,112  INFO [main] LogReport:23 - IE browser started...
2019-11-08 12:16:01,215  INFO [main] LogReport:23 - Application is open...
2019-11-08 12:18:16,101  INFO [main] LogReport:23 - IE browser started...
2019-11-08 12:18:17,252  INFO [main] LogReport:23 - Application is open...
2019-11-08 12:21:19,448  INFO [main] LogReport:23 - IE browser started...
2019-11-08 12:21:20,486  INFO [main] LogReport:23 - Application is open...
2019-11-08 12:21:39,417  INFO [main] LogReport:23 - IE browser started...
2019-11-08 12:21:40,476  INFO [main] LogReport:23 - Application is open...
2019-11-08 12:26:56,818  INFO [main] LogReport:23 - IE browser started...
2019-11-08 12:26:58,087  INFO [main] LogReport:23 - Application is open...
2019-11-08 12:28:17,711  INFO [main] LogReport:23 - IE browser started...
2019-11-08 12:28:18,854  INFO [main] LogReport:23 - Application is open...
2019-11-08 12:29:41,077  INFO [main] LogReport:23 - IE browser started...
2019-11-08 12:29:42,210  INFO [main] LogReport:23 - Application is open...
2019-11-08 12:30:47,173  INFO [main] LogReport:23 - IE browser started...
2019-11-08 12:30:48,258  INFO [main] LogReport:23 - Application is open...
2019-11-08 12:31:31,851  INFO [main] LogReport:23 - IE browser started...
2019-11-08 12:31:32,947  INFO [main] LogReport:23 - Application is open...
2019-11-08 12:32:20,011  INFO [main] LogReport:23 - IE browser started...
2019-11-08 12:32:21,049  INFO [main] LogReport:23 - Application is open...
2019-11-08 12:32:34,819  INFO [main] LogReport:23 - IE browser started...
2019-11-08 12:32:35,901  INFO [main] LogReport:23 - Application is open...
2019-11-08 12:34:04,164  INFO [main] LogReport:23 - IE browser started...
2019-11-08 12:34:05,230  INFO [main] LogReport:23 - Application is open...
2019-11-08 12:34:18,300  INFO [main] LogReport:23 - IE browser started...
2019-11-08 12:34:19,462  INFO [main] LogReport:23 - Application is open...
2019-11-08 12:34:58,731  INFO [main] LogReport:23 - IE browser started...
2019-11-08 12:34:59,800  INFO [main] LogReport:23 - Application is open...
2019-11-08 12:36:35,221  INFO [main] LogReport:23 - IE browser started...
2019-11-08 12:36:36,330  INFO [main] LogReport:23 - Application is open...
2019-11-08 12:36:48,978  INFO [main] LogReport:23 - IE browser started...
2019-11-08 12:36:50,129  INFO [main] LogReport:23 - Application is open...
2019-11-08 12:38:30,779  INFO [main] LogReport:23 - IE browser started...
2019-11-08 12:38:31,972  INFO [main] LogReport:23 - Application is open...
2019-11-08 12:38:44,245  INFO [main] LogReport:23 - IE browser started...
2019-11-08 12:38:45,401  INFO [main] LogReport:23 - Application is open...
2019-11-08 12:39:03,776  INFO [main] LogReport:23 - IE browser started...
2019-11-08 12:39:04,861  INFO [main] LogReport:23 - Application is open...
2019-11-08 12:39:32,608  INFO [main] LogReport:23 - IE browser started...
2019-11-08 12:39:33,726  INFO [main] LogReport:23 - Application is open...
2019-11-08 12:41:42,127  INFO [main] LogReport:23 - IE browser started...
2019-11-08 12:41:43,258  INFO [main] LogReport:23 - Application is open...
2019-11-08 12:43:30,195  INFO [main] LogReport:23 - IE browser started...
2019-11-08 12:43:31,306  INFO [main] LogReport:23 - Application is open...
2019-11-08 12:43:45,722  INFO [main] LogReport:23 - IE browser started...
2019-11-08 12:43:46,836  INFO [main] LogReport:23 - Application is open...
2019-11-08 12:44:34,384  INFO [main] LogReport:23 - IE browser started...
2019-11-08 12:44:35,456  INFO [main] LogReport:23 - Application is open...
2019-11-08 12:44:51,960  INFO [main] LogReport:23 - IE browser started...
2019-11-08 12:44:53,093  INFO [main] LogReport:23 - Application is open...
2019-11-08 12:47:00,440  INFO [main] LogReport:23 - IE browser started...
2019-11-08 12:47:01,559  INFO [main] LogReport:23 - Application is open...
2019-11-08 12:47:36,400  INFO [main] LogReport:23 - IE browser started...
2019-11-08 12:47:37,502  INFO [main] LogReport:23 - Application is open...
2019-11-08 12:47:50,458  INFO [main] LogReport:23 - IE browser started...
2019-11-08 12:47:51,560  INFO [main] LogReport:23 - Application is open...
2019-11-08 12:48:08,611  INFO [main] LogReport:23 - IE browser started...
2019-11-08 12:48:09,744  INFO [main] LogReport:23 - Application is open...
2019-11-08 12:50:57,347  INFO [main] LogReport:23 - IE browser started...
2019-11-08 12:50:58,435  INFO [main] LogReport:23 - Application is open...
2019-11-08 12:52:05,488  INFO [main] LogReport:23 - IE browser started...
2019-11-08 12:52:06,610  INFO [main] LogReport:23 - Application is open...
2019-11-08 12:52:47,642  INFO [main] LogReport:23 - IE browser started...
2019-11-08 12:52:48,725  INFO [main] LogReport:23 - Application is open...
2019-11-08 12:53:03,317  INFO [main] LogReport:23 - IE browser started...
2019-11-08 12:53:04,595  INFO [main] LogReport:23 - Application is open...
2019-11-08 12:53:19,556  INFO [main] LogReport:23 - IE browser started...
2019-11-08 12:53:20,696  INFO [main] LogReport:23 - Application is open...
2019-11-08 12:53:36,139  INFO [main] LogReport:23 - IE browser started...
2019-11-08 12:53:37,264  INFO [main] LogReport:23 - Application is open...
2019-11-08 12:54:09,466  INFO [main] LogReport:23 - IE browser started...
2019-11-08 12:54:10,607  INFO [main] LogReport:23 - Application is open...
2019-11-08 12:55:31,602  INFO [main] LogReport:23 - IE browser started...
2019-11-08 12:55:32,747  INFO [main] LogReport:23 - Application is open...
2019-11-08 12:57:58,821  INFO [main] LogReport:23 - IE browser started...
2019-11-08 12:57:59,998  INFO [main] LogReport:23 - Application is open...
2019-11-08 12:58:12,592  INFO [main] LogReport:23 - IE browser started...
2019-11-08 12:58:13,770  INFO [main] LogReport:23 - Application is open...
2019-11-08 13:02:07,586  INFO [main] LogReport:23 - IE browser started...
2019-11-08 13:02:08,663  INFO [main] LogReport:23 - Application is open...
2019-11-08 13:02:24,790  INFO [main] LogReport:23 - IE browser started...
2019-11-08 13:02:25,894  INFO [main] LogReport:23 - Application is open...
2019-11-08 13:11:30,215  INFO [main] LogReport:23 - IE browser started...
2019-11-08 13:11:31,283  INFO [main] LogReport:23 - Application is open...
2019-11-08 13:13:01,289  INFO [main] LogReport:23 - IE browser started...
2019-11-08 13:13:02,428  INFO [main] LogReport:23 - Application is open...
2019-11-08 13:26:46,572  INFO [main] LogReport:23 - IE browser started...
2019-11-08 13:26:47,839  INFO [main] LogReport:23 - Application is open...
2019-11-08 13:31:04,254  INFO [main] LogReport:23 - IE browser started...
2019-11-08 13:31:05,386  INFO [main] LogReport:23 - Application is open...
2019-11-08 13:36:48,664  INFO [main] LogReport:23 - IE browser started...
2019-11-08 13:36:49,871  INFO [main] LogReport:23 - Application is open...
2019-11-08 13:37:28,777  INFO [main] LogReport:23 - IE browser started...
2019-11-08 13:37:29,886  INFO [main] LogReport:23 - Application is open...
2019-11-08 13:40:01,258  INFO [main] LogReport:23 - IE browser started...
2019-11-08 13:40:02,290  INFO [main] LogReport:23 - Application is open...
2019-11-08 13:41:53,473  INFO [main] LogReport:23 - IE browser started...
2019-11-08 13:41:54,617  INFO [main] LogReport:23 - Application is open...
2019-11-08 13:42:48,832  INFO [main] LogReport:23 - IE browser started...
2019-11-08 13:42:49,957  INFO [main] LogReport:23 - Application is open...
2019-11-08 13:43:19,941  INFO [main] LogReport:23 - IE browser started...
2019-11-08 13:43:21,097  INFO [main] LogReport:23 - Application is open...
2019-11-08 13:55:14,331  INFO [main] LogReport:23 - IE browser started...
2019-11-08 13:55:15,395  INFO [main] LogReport:23 - Application is open...
2019-11-08 13:57:50,101  INFO [main] LogReport:23 - IE browser started...
2019-11-08 13:57:51,274  INFO [main] LogReport:23 - Application is open...
2019-11-08 13:59:22,577  INFO [main] LogReport:23 - IE browser started...
2019-11-08 13:59:23,729  INFO [main] LogReport:23 - Application is open...
2019-11-08 14:08:18,444  INFO [main] LogReport:23 - IE browser started...
2019-11-08 14:08:19,558  INFO [main] LogReport:23 - Application is open...
2019-11-08 14:10:30,256  INFO [main] LogReport:23 - IE browser started...
2019-11-08 14:10:31,358  INFO [main] LogReport:23 - Application is open...
2019-11-08 14:12:56,179  INFO [main] LogReport:23 - IE browser started...
2019-11-08 14:12:57,266  INFO [main] LogReport:23 - Application is open...
2019-11-08 14:13:44,019  INFO [main] LogReport:23 - IE browser started...
2019-11-08 14:13:45,102  INFO [main] LogReport:23 - Application is open...
2019-11-08 14:27:43,216  INFO [TestNG-tests-1] LogReport:23 - IE browser started...
2019-11-08 14:27:44,497  INFO [TestNG-tests-1] LogReport:23 - Application is open...
2019-11-08 14:29:10,358  INFO [TestNG-tests-1] LogReport:23 - IE browser started...
2019-11-08 14:31:30,569  INFO [TestNG-tests-1] LogReport:23 - IE browser started...
2019-11-08 14:31:31,712  INFO [TestNG-tests-1] LogReport:23 - Application is open...
2019-11-08 15:37:08,869  INFO [main] LogReport:23 - IE browser started...
2019-11-08 15:37:12,434  INFO [main] LogReport:23 - Application is open...
2019-11-08 16:22:10,671  INFO [main] LogReport:23 - IE browser started...
2019-11-08 16:22:12,121  INFO [main] LogReport:23 - Application is open...
2019-11-08 16:23:24,740  INFO [main] LogReport:23 - IE browser started...
2019-11-08 16:23:25,919  INFO [main] LogReport:23 - Application is open...
2019-11-08 16:31:17,487  INFO [main] LogReport:23 - IE browser started...
2019-11-08 16:31:18,633  INFO [main] LogReport:23 - Application is open...
2019-11-08 16:39:28,437  INFO [main] LogReport:23 - IE browser started...
2019-11-08 16:39:29,578  INFO [main] LogReport:23 - Application is open...
2019-11-08 16:51:32,995  INFO [main] LogReport:23 - IE browser started...
2019-11-08 16:51:33,053  INFO [main] LogReport:23 - Application is open...
2019-11-08 16:59:17,755  INFO [main] LogReport:23 - IE browser started...
2019-11-08 16:59:17,810  INFO [main] LogReport:23 - Application is open...
2019-11-08 17:03:56,851  INFO [main] LogReport:23 - IE browser started...
2019-11-08 17:03:57,046  INFO [main] LogReport:23 - Application is open...
2019-11-08 17:04:38,307  INFO [main] LogReport:23 - IE browser started...
2019-11-08 17:04:38,373  INFO [main] LogReport:23 - Application is open...
2019-11-08 17:05:39,005  INFO [main] LogReport:23 - IE browser started...
2019-11-08 17:05:39,056  INFO [main] LogReport:23 - Application is open...
2019-11-08 17:06:47,082  INFO [main] LogReport:23 - IE browser started...
2019-11-08 17:06:47,141  INFO [main] LogReport:23 - Application is open...
2019-11-08 17:10:40,683  INFO [main] LogReport:23 - Chrome browser started...
2019-11-08 17:14:21,533  INFO [main] LogReport:23 - Chrome browser started...
2019-11-08 17:15:24,421  INFO [main] LogReport:23 - Chrome browser started...
2019-11-08 17:19:03,447  INFO [main] LogReport:23 - Chrome browser started...
2019-11-08 17:20:08,553  INFO [main] LogReport:23 - Chrome browser started...
2019-11-08 17:20:39,787  INFO [main] LogReport:23 - Chrome browser started...
2019-11-08 17:21:19,506  INFO [main] LogReport:23 - Chrome browser started...
2019-11-08 17:21:21,727  INFO [main] LogReport:23 - Application is open...
2019-11-08 17:26:23,597  INFO [main] LogReport:23 - Chrome browser started...
2019-11-08 17:26:26,014  INFO [main] LogReport:23 - Application is open...
2019-11-08 17:26:51,560  INFO [main] LogReport:23 - Chrome browser started...
2019-11-08 17:26:53,812  INFO [main] LogReport:23 - Application is open...
2019-11-08 17:37:38,377  INFO [main] LogReport:23 - Chrome browser started...
2019-11-08 17:37:40,759  INFO [main] LogReport:23 - Application is open...
2019-11-08 17:38:48,078  INFO [main] LogReport:23 - Chrome browser started...
2019-11-08 17:38:50,349  INFO [main] LogReport:23 - Application is open...
2019-11-08 17:39:47,197  INFO [main] LogReport:23 - Chrome browser started...
2019-11-08 17:39:50,322  INFO [main] LogReport:23 - Application is open...
2019-11-08 17:40:29,210  INFO [main] LogReport:23 - Chrome browser started...
2019-11-08 17:40:31,270  INFO [main] LogReport:23 - Application is open...
2019-11-08 17:41:53,208  INFO [main] LogReport:23 - Chrome browser started...
2019-11-08 17:41:56,530  INFO [main] LogReport:23 - Application is open...
2019-11-08 17:45:22,360  INFO [main] LogReport:23 - Chrome browser started...
2019-11-08 17:45:24,615  INFO [main] LogReport:23 - Application is open...
2019-11-08 17:46:49,737  INFO [main] LogReport:23 - Chrome browser started...
2019-11-08 17:46:52,054  INFO [main] LogReport:23 - Application is open...
2019-11-08 17:47:25,221  INFO [main] LogReport:23 - Chrome browser started...
2019-11-08 17:47:28,695  INFO [main] LogReport:23 - Application is open...
2019-11-08 17:48:28,991  INFO [main] LogReport:23 - Chrome browser started...
2019-11-08 17:48:31,074  INFO [main] LogReport:23 - Application is open...
2019-11-08 17:52:07,854  INFO [main] LogReport:23 - Chrome browser started...
2019-11-08 17:52:10,168  INFO [main] LogReport:23 - Application is open...
2019-11-08 17:53:17,690  INFO [main] LogReport:23 - Chrome browser started...
2019-11-08 17:53:20,885  INFO [main] LogReport:23 - Application is open...
2019-11-08 17:54:09,710  INFO [main] LogReport:23 - Chrome browser started...
2019-11-08 17:54:12,023  INFO [main] LogReport:23 - Application is open...
2019-11-08 17:55:19,734  INFO [main] LogReport:23 - Chrome browser started...
2019-11-08 17:55:21,930  INFO [main] LogReport:23 - Application is open...
2019-11-08 18:07:58,105  INFO [main] LogReport:23 - Chrome browser started...
2019-11-08 18:08:00,245  INFO [main] LogReport:23 - Application is open...
2019-11-08 18:10:35,102  INFO [main] LogReport:23 - Chrome browser started...
2019-11-08 18:10:37,387  INFO [main] LogReport:23 - Application is open...
2019-11-08 18:11:32,246  INFO [main] LogReport:23 - Chrome browser started...
2019-11-08 18:11:35,218  INFO [main] LogReport:23 - Application is open...
2019-11-08 18:13:48,863  INFO [main] LogReport:23 - Chrome browser started...
2019-11-08 18:13:53,784  INFO [main] LogReport:23 - Application is open...
2019-11-08 18:20:21,397  INFO [main] LogReport:23 - Chrome browser started...
2019-11-08 18:20:24,856  INFO [main] LogReport:23 - Application is open...
2019-11-08 18:27:42,357  INFO [main] LogReport:23 - Chrome browser started...
2019-11-08 18:27:45,055  INFO [main] LogReport:23 - Application is open...
2019-11-08 18:30:03,262  INFO [main] LogReport:23 - Chrome browser started...
2019-11-08 18:30:06,606  INFO [main] LogReport:23 - Application is open...
2019-11-08 18:33:10,835  INFO [main] LogReport:23 - Chrome browser started...
2019-11-08 18:33:14,011  INFO [main] LogReport:23 - Application is open...
2019-11-08 18:37:13,079  INFO [main] LogReport:23 - Chrome browser started...
2019-11-08 18:37:15,260  INFO [main] LogReport:23 - Application is open...
2019-11-08 18:42:59,900  INFO [main] LogReport:23 - Chrome browser started...
2019-11-08 18:43:02,245  INFO [main] LogReport:23 - Application is open...
2019-11-08 18:55:03,497  INFO [main] LogReport:23 - Chrome browser started...
2019-11-08 18:55:05,659  INFO [main] LogReport:23 - Application is open...
2019-11-08 18:55:36,465  INFO [main] LogReport:23 - Chrome browser started...
2019-11-08 18:55:38,672  INFO [main] LogReport:23 - Application is open...
2019-11-08 18:57:20,173  INFO [main] LogReport:23 - Chrome browser started...
2019-11-08 18:57:23,445  INFO [main] LogReport:23 - Application is open...
2019-11-08 18:58:20,872  INFO [main] LogReport:23 - Chrome browser started...
2019-11-08 18:58:22,940  INFO [main] LogReport:23 - Application is open...
2019-11-08 19:01:29,155  INFO [main] LogReport:23 - Chrome browser started...
2019-11-08 19:01:31,469  INFO [main] LogReport:23 - Application is open...
2019-11-08 19:01:39,314  INFO [main] LogReport:23 - done
2019-11-08 19:04:01,793  INFO [main] LogReport:23 - Chrome browser started...
2019-11-08 19:04:04,455  INFO [main] LogReport:23 - Application is open...
2019-11-08 19:04:38,567  INFO [main] LogReport:23 - Chrome browser started...
2019-11-08 19:04:40,992  INFO [main] LogReport:23 - Application is open...
2019-11-08 19:05:40,396  INFO [main] LogReport:23 - Chrome browser started...
2019-11-08 19:05:43,760  INFO [main] LogReport:23 - Application is open...
2019-11-08 19:06:11,209  INFO [main] LogReport:23 - Chrome browser started...
2019-11-08 19:06:13,418  INFO [main] LogReport:23 - Application is open...
2019-11-08 19:06:57,732  INFO [main] LogReport:23 - Chrome browser started...
2019-11-08 19:07:00,130  INFO [main] LogReport:23 - Application is open...
2019-11-08 19:07:07,882  INFO [main] LogReport:23 - done
2019-11-08 19:08:43,782  INFO [main] LogReport:23 - Chrome browser started...
2019-11-08 19:08:45,866  INFO [main] LogReport:23 - Application is open...
2019-11-08 19:09:14,692  INFO [main] LogReport:23 - Chrome browser started...
2019-11-08 19:09:17,431  INFO [main] LogReport:23 - Application is open...
2019-11-08 19:10:57,500  INFO [main] LogReport:23 - Chrome browser started...
2019-11-08 19:11:00,198  INFO [main] LogReport:23 - Application is open...
2019-11-08 19:11:29,779  INFO [main] LogReport:23 - IE browser started...
2019-11-08 19:11:29,852  INFO [main] LogReport:23 - Application is open...
2019-11-08 19:11:30,598  INFO [main] LogReport:23 - Application is open...
2019-11-08 19:12:19,036  INFO [main] LogReport:23 - IE browser started...
2019-11-08 19:12:19,101  INFO [main] LogReport:23 - Application is open...
2019-11-08 19:12:19,890  INFO [main] LogReport:23 - Application is open...
2019-11-08 19:12:38,464  INFO [main] LogReport:23 - done
2019-11-08 19:13:59,691  INFO [main] LogReport:23 - IE browser started...
2019-11-08 19:13:59,756  INFO [main] LogReport:23 - Application is open...
2019-11-08 19:14:00,634  INFO [main] LogReport:23 - Application is open...
2019-11-08 19:14:19,175  INFO [main] LogReport:23 - done
2019-11-08 19:16:06,114  INFO [main] LogReport:23 - IE browser started...
2019-11-08 19:16:06,171  INFO [main] LogReport:23 - Application is open...
2019-11-08 19:16:06,955  INFO [main] LogReport:23 - Application is open...
2019-11-08 19:16:24,640  INFO [main] LogReport:23 - done
2019-11-08 19:42:12,567  INFO [main] LogReport:23 - IE browser started...
2019-11-08 19:42:12,629  INFO [main] LogReport:23 - Application is open...
2019-11-08 19:42:13,355  INFO [main] LogReport:23 - Application is open...
2019-11-08 19:42:31,163  INFO [main] LogReport:23 - done
2019-11-08 19:42:53,776  INFO [main] LogReport:23 - IE browser started...
2019-11-08 19:42:53,836  INFO [main] LogReport:23 - Application is open...
2019-11-08 19:42:54,457  INFO [main] LogReport:23 - Application is open...
2019-11-08 19:43:23,515  INFO [main] LogReport:23 - IE browser started...
2019-11-08 19:43:23,576  INFO [main] LogReport:23 - Application is open...
2019-11-08 19:43:24,275  INFO [main] LogReport:23 - Application is open...
2019-11-08 19:43:43,074  INFO [main] LogReport:23 - done
2019-11-08 19:46:54,353  INFO [main] LogReport:23 - IE browser started...
2019-11-08 19:46:54,414  INFO [main] LogReport:23 - Application is open...
2019-11-08 19:46:55,190  INFO [main] LogReport:23 - Application is open...
2019-11-08 19:47:13,720  INFO [main] LogReport:23 - done
2019-11-08 19:48:58,994  INFO [main] LogReport:23 - IE browser started...
2019-11-08 19:48:59,049  INFO [main] LogReport:23 - Application is open...
2019-11-08 19:48:59,783  INFO [main] LogReport:23 - Application is open...
2019-11-08 19:49:18,141  INFO [main] LogReport:23 - done
2019-11-08 19:51:38,747  INFO [main] LogReport:23 - IE browser started...
2019-11-08 19:51:38,810  INFO [main] LogReport:23 - Application is open...
2019-11-08 19:51:39,555  INFO [main] LogReport:23 - Application is open...
2019-11-08 19:51:57,703  INFO [main] LogReport:23 - done
2019-11-08 20:02:42,070  INFO [main] LogReport:23 - IE browser started...
2019-11-08 20:02:42,132  INFO [main] LogReport:23 - Application is open...
2019-11-08 20:02:42,753  INFO [main] LogReport:23 - Application is open...
2019-11-08 20:03:00,525  INFO [main] LogReport:23 - done
2019-11-08 20:05:48,171  INFO [main] LogReport:23 - IE browser started...
2019-11-08 20:05:48,236  INFO [main] LogReport:23 - Application is open...
2019-11-08 20:05:48,887  INFO [main] LogReport:23 - Application is open...
2019-11-08 20:06:06,760  INFO [main] LogReport:23 - done
2019-11-08 20:07:23,120  INFO [main] LogReport:23 - IE browser started...
2019-11-08 20:07:23,183  INFO [main] LogReport:23 - Application is open...
2019-11-08 20:07:23,972  INFO [main] LogReport:23 - Application is open...
2019-11-08 20:07:43,183  INFO [main] LogReport:23 - done
2019-11-08 20:08:32,819  INFO [main] LogReport:23 - IE browser started...
2019-11-08 20:08:32,882  INFO [main] LogReport:23 - Application is open...
2019-11-08 20:08:33,610  INFO [main] LogReport:23 - Application is open...
2019-11-08 20:08:51,380  INFO [main] LogReport:23 - done
2019-11-08 20:11:04,533  INFO [main] LogReport:23 - IE browser started...
2019-11-08 20:11:04,596  INFO [main] LogReport:23 - Application is open...
2019-11-08 20:11:05,340  INFO [main] LogReport:23 - Application is open...
2019-11-08 20:11:23,863  INFO [main] LogReport:23 - done
2019-11-08 20:13:10,379  INFO [main] LogReport:23 - IE browser started...
2019-11-08 20:13:10,434  INFO [main] LogReport:23 - Application is open...
2019-11-08 20:13:11,230  INFO [main] LogReport:23 - Application is open...
2019-11-08 20:13:28,918  INFO [main] LogReport:23 - done
2019-11-08 20:19:21,485  INFO [main] LogReport:23 - IE browser started...
2019-11-08 20:19:21,550  INFO [main] LogReport:23 - Application is open...
2019-11-08 20:19:22,294  INFO [main] LogReport:23 - Application is open...
2019-11-08 20:19:40,293  INFO [main] LogReport:23 - done
2019-11-08 20:20:19,980  INFO [main] LogReport:23 - IE browser started...
2019-11-08 20:20:20,033  INFO [main] LogReport:23 - Application is open...
2019-11-08 20:20:20,591  INFO [main] LogReport:23 - Application is open...
2019-11-08 20:20:38,482  INFO [main] LogReport:23 - done
2019-11-08 20:21:38,155  INFO [main] LogReport:23 - IE browser started...
2019-11-08 20:21:38,219  INFO [main] LogReport:23 - Application is open...
2019-11-08 20:21:39,053  INFO [main] LogReport:23 - Application is open...
2019-11-08 20:21:57,067  INFO [main] LogReport:23 - done
2019-11-08 20:24:33,935  INFO [TestNG-tests-1] LogReport:23 - IE browser started...
2019-11-08 20:24:34,000  INFO [TestNG-tests-1] LogReport:23 - Application is open...
2019-11-08 20:24:34,552  INFO [TestNG-tests-1] LogReport:23 - Application is open...
2019-11-08 20:24:52,335  INFO [TestNG-tests-1] LogReport:23 - done
2019-11-08 20:26:00,116  INFO [TestNG-tests-1] LogReport:23 - IE browser started...
2019-11-08 20:26:00,176  INFO [TestNG-tests-1] LogReport:23 - Application is open...
2019-11-08 20:26:12,747  INFO [TestNG-tests-1] LogReport:23 - IE browser started...
2019-11-08 20:26:12,809  INFO [TestNG-tests-1] LogReport:23 - Application is open...
2019-11-08 20:26:13,551  INFO [TestNG-tests-1] LogReport:23 - Application is open...
2019-11-08 20:26:30,515  INFO [TestNG-tests-1] LogReport:23 - done
2019-11-08 20:27:12,278  INFO [TestNG-tests-1] LogReport:23 - IE browser started...
2019-11-08 20:27:12,343  INFO [TestNG-tests-1] LogReport:23 - Application is open...
2019-11-08 20:27:25,102  INFO [TestNG-tests-1] LogReport:23 - IE browser started...
2019-11-08 20:27:25,158  INFO [TestNG-tests-1] LogReport:23 - Application is open...
2019-11-08 20:28:46,569  INFO [TestNG-tests-1] LogReport:23 - IE browser started...
2019-11-08 20:28:46,633  INFO [TestNG-tests-1] LogReport:23 - Application is open...
2019-11-08 20:28:48,071  INFO [TestNG-tests-1] LogReport:23 - Application is open...
2019-11-08 20:29:10,187  INFO [TestNG-tests-1] LogReport:23 - IE browser started...
2019-11-08 20:29:10,245  INFO [TestNG-tests-1] LogReport:23 - Application is open...
2019-11-08 20:29:10,866  INFO [TestNG-tests-1] LogReport:23 - Application is open...
2019-11-08 20:29:27,824  INFO [TestNG-tests-1] LogReport:23 - done
